examples/build/outputs/logs/manifest-merger-debug-report.txt
-- Merging decision tree log ---
manifest
ADDED from examples\AndroidManifest.xml:2:1-158:12
	package
		ADDED from examples\AndroidManifest.xml:3:5-21
	android:versionName
		ADDED from examples\AndroidManifest.xml:5:5-32
		INJECTED from examples\AndroidManifest.xml
		INJECTED from examples\AndroidManifest.xml
	android:versionCode
		ADDED from examples\AndroidManifest.xml:4:5-30
		INJECTED from examples\AndroidManifest.xml
		INJECTED from examples\AndroidManifest.xml
	xmlns:android
		ADDED from examples\AndroidManifest.xml:2:11-69
uses-sdk
ADDED from examples\AndroidManifest.xml:7:5-73
	android:targetSdkVersion
		ADDED from examples\AndroidManifest.xml:7:41-70
	android:minSdkVersion
		ADDED from examples\AndroidManifest.xml:7:15-40
permission#您应用的包名.permission.JPUSH_MESSAGE
ADDED from examples\AndroidManifest.xml:10:5-12:47
	android:protectionLevel
		ADDED from examples\AndroidManifest.xml:12:9-44
	android:name
		ADDED from examples\AndroidManifest.xml:11:9-55
uses-permission#您应用的包名.permission.JPUSH_MESSAGE
ADDED from examples\AndroidManifest.xml:15:5-71
	android:name
		ADDED from examples\AndroidManifest.xml:15:22-68
uses-permission#android.permission.RECEIVE_USER_PRESENT
ADDED from examples\AndroidManifest.xml:16:5-79
	android:name
		ADDED from examples\AndroidManifest.xml:16:22-76
uses-permission#android.permission.INTERNET
ADDED from examples\AndroidManifest.xml:17:5-67
	android:name
		ADDED from examples\AndroidManifest.xml:17:22-64
uses-permission#android.permission.WAKE_LOCK
ADDED from examples\AndroidManifest.xml:18:5-68
	android:name
		ADDED from examples\AndroidManifest.xml:18:22-65
uses-permission#android.permission.READ_PHONE_STATE
ADDED from examples\AndroidManifest.xml:19:5-75
	android:name
		ADDED from examples\AndroidManifest.xml:19:22-72
uses-permission#android.permission.WRITE_EXTERNAL_STORAGE
ADDED from examples\AndroidManifest.xml:20:5-81
	android:name
		ADDED from examples\AndroidManifest.xml:20:22-78
uses-permission#android.permission.READ_EXTERNAL_STORAGE
ADDED from examples\AndroidManifest.xml:21:5-80
	android:name
		ADDED from examples\AndroidManifest.xml:21:22-77
uses-permission#android.permission.WRITE_SETTINGS
ADDED from examples\AndroidManifest.xml:22:5-73
	android:name
		ADDED from examples\AndroidManifest.xml:22:22-70
uses-permission#android.permission.VIBRATE
ADDED from examples\AndroidManifest.xml:23:5-66
	android:name
		ADDED from examples\AndroidManifest.xml:23:22-63
uses-permission#android.permission.MOUNT_UNMOUNT_FILESYSTEMS
ADDED from examples\AndroidManifest.xml:24:5-84
	android:name
		ADDED from examples\AndroidManifest.xml:24:22-81
uses-permission#android.permission.ACCESS_NETWORK_STATE
ADDED from examples\AndroidManifest.xml:25:5-79
	android:name
		ADDED from examples\AndroidManifest.xml:25:22-76
uses-permission#android.permission.ACCESS_WIFI_STATE
ADDED from examples\AndroidManifest.xml:26:5-76
	android:name
		ADDED from examples\AndroidManifest.xml:26:22-73
uses-permission#android.permission.SYSTEM_ALERT_WINDOW
ADDED from examples\AndroidManifest.xml:31:5-78
	android:name
		ADDED from examples\AndroidManifest.xml:31:22-75
uses-permission#android.permission.ACCESS_COARSE_LOCATION
ADDED from examples\AndroidManifest.xml:32:5-81
	android:name
		ADDED from examples\AndroidManifest.xml:32:22-78
uses-permission#android.permission.CHANGE_WIFI_STATE
ADDED from examples\AndroidManifest.xml:33:5-76
	android:name
		ADDED from examples\AndroidManifest.xml:33:22-73
uses-permission#android.permission.ACCESS_FINE_LOCATION
ADDED from examples\AndroidManifest.xml:34:5-79
	android:name
		ADDED from examples\AndroidManifest.xml:34:22-76
uses-permission#android.permission.ACCESS_LOCATION_EXTRA_COMMANDS
ADDED from examples\AndroidManifest.xml:35:5-89
	android:name
		ADDED from examples\AndroidManifest.xml:35:22-86
uses-permission#android.permission.CHANGE_NETWORK_STATE
ADDED from examples\AndroidManifest.xml:36:5-79
	android:name
		ADDED from examples\AndroidManifest.xml:36:22-76
uses-permission#android.permission.GET_TASKS
ADDED from examples\AndroidManifest.xml:37:5-68
	android:name
		ADDED from examples\AndroidManifest.xml:37:22-65
application
ADDED from examples\AndroidManifest.xml:39:5-157:19
	android:label
		ADDED from examples\AndroidManifest.xml:42:9-41
	android:allowBackup
		ADDED from examples\AndroidManifest.xml:41:9-36
	android:icon
		ADDED from examples\AndroidManifest.xml:40:9-45
	android:name
		ADDED from examples\AndroidManifest.xml:43:9-64
activity#com.example.jpushdemo.MainActivity
ADDED from examples\AndroidManifest.xml:46:9-53:20
	android:label
		ADDED from examples\AndroidManifest.xml:48:13-45
	android:name
		ADDED from examples\AndroidManifest.xml:47:13-62
intent-filter#android.intent.action.MAIN+android.intent.category.LAUNCHER
ADDED from examples\AndroidManifest.xml:49:13-52:29
action#android.intent.action.MAIN
ADDED from examples\AndroidManifest.xml:50:17-69
	android:name
		ADDED from examples\AndroidManifest.xml:50:25-66
category#android.intent.category.LAUNCHER
ADDED from examples\AndroidManifest.xml:51:17-77
	android:name
		ADDED from examples\AndroidManifest.xml:51:27-74
activity#com.example.jpushdemo.PushSetActivity
ADDED from examples\AndroidManifest.xml:55:8-115
	android:label
		ADDED from examples\AndroidManifest.xml:55:71-103
	android:name
		ADDED from examples\AndroidManifest.xml:55:18-70
activity#com.example.jpushdemo.SettingActivity
ADDED from examples\AndroidManifest.xml:57:8-115
	android:label
		ADDED from examples\AndroidManifest.xml:57:71-103
	android:name
		ADDED from examples\AndroidManifest.xml:57:18-70
activity#com.example.jpushdemo.TestActivity
ADDED from examples\AndroidManifest.xml:59:9-64:20
	android:exported
		ADDED from examples\AndroidManifest.xml:59:69-93
	android:name
		ADDED from examples\AndroidManifest.xml:59:19-68
intent-filter#jpush.testAction+jpush.testCategory
ADDED from examples\AndroidManifest.xml:60:13-63:29
action#jpush.testAction
ADDED from examples\AndroidManifest.xml:61:17-59
	android:name
		ADDED from examples\AndroidManifest.xml:61:25-56
category#jpush.testCategory
ADDED from examples\AndroidManifest.xml:62:17-63
	android:name
		ADDED from examples\AndroidManifest.xml:62:27-60
activity#cn.jpush.android.ui.PopWinActivity
ADDED from examples\AndroidManifest.xml:67:9-71:20
	android:exported
		ADDED from examples\AndroidManifest.xml:70:13-37
	android:theme
		ADDED from examples\AndroidManifest.xml:69:13-49
	android:name
		ADDED from examples\AndroidManifest.xml:68:13-62
activity#cn.jpush.android.ui.PushActivity
ADDED from examples\AndroidManifest.xml:74:9-84:20
	android:exported
		ADDED from examples\AndroidManifest.xml:78:13-37
	android:configChanges
		ADDED from examples\AndroidManifest.xml:76:13-63
	android:theme
		ADDED from examples\AndroidManifest.xml:77:13-60
	android:name
		ADDED from examples\AndroidManifest.xml:75:13-60
intent-filter#android.intent.category.DEFAULT+cn.jpush.android.ui.PushActivity+您应用的包名
ADDED from examples\AndroidManifest.xml:79:13-83:29
action#cn.jpush.android.ui.PushActivity
ADDED from examples\AndroidManifest.xml:80:17-75
	android:name
		ADDED from examples\AndroidManifest.xml:80:25-72
category#android.intent.category.DEFAULT
ADDED from examples\AndroidManifest.xml:81:17-76
	android:name
		ADDED from examples\AndroidManifest.xml:81:27-73
category#您应用的包名
ADDED from examples\AndroidManifest.xml:82:17-51
	android:name
		ADDED from examples\AndroidManifest.xml:82:27-48
service#cn.jpush.android.service.PushService
ADDED from examples\AndroidManifest.xml:88:9-98:19
	android:process
		ADDED from examples\AndroidManifest.xml:90:13-36
	android:exported
		ADDED from examples\AndroidManifest.xml:91:13-37
	android:name
		ADDED from examples\AndroidManifest.xml:89:13-64
intent-filter#cn.jpush.android.intent.PUSH_TIME+cn.jpush.android.intent.PushService+cn.jpush.android.intent.REGISTER+cn.jpush.android.intent.REPORT
ADDED from examples\AndroidManifest.xml:92:13-97:29
action#cn.jpush.android.intent.REGISTER
ADDED from examples\AndroidManifest.xml:93:17-75
	android:name
		ADDED from examples\AndroidManifest.xml:93:25-72
action#cn.jpush.android.intent.REPORT
ADDED from examples\AndroidManifest.xml:94:17-73
	android:name
		ADDED from examples\AndroidManifest.xml:94:25-70
action#cn.jpush.android.intent.PushService
ADDED from examples\AndroidManifest.xml:95:17-78
	android:name
		ADDED from examples\AndroidManifest.xml:95:25-75
action#cn.jpush.android.intent.PUSH_TIME
ADDED from examples\AndroidManifest.xml:96:17-76
	android:name
		ADDED from examples\AndroidManifest.xml:96:25-73
service#cn.jpush.android.service.DaemonService
ADDED from examples\AndroidManifest.xml:102:9-111:19
	android:enabled
		ADDED from examples\AndroidManifest.xml:104:13-35
	android:exported
		ADDED from examples\AndroidManifest.xml:105:13-36
	android:name
		ADDED from examples\AndroidManifest.xml:103:13-66
intent-filter#cn.jpush.android.intent.DaemonService+您应用的包名
ADDED from examples\AndroidManifest.xml:106:13-109:29
action#cn.jpush.android.intent.DaemonService
ADDED from examples\AndroidManifest.xml:107:17-80
	android:name
		ADDED from examples\AndroidManifest.xml:107:25-77
receiver#cn.jpush.android.service.PushReceiver
ADDED from examples\AndroidManifest.xml:114:9-133:20
	android:enabled
		ADDED from examples\AndroidManifest.xml:116:13-35
	android:exported
		ADDED from examples\AndroidManifest.xml:117:13-37
	android:name
		ADDED from examples\AndroidManifest.xml:115:13-65
intent-filter#cn.jpush.android.intent.NOTIFICATION_RECEIVED_PROXY+您应用的包名
ADDED from examples\AndroidManifest.xml:118:13-121:29
	android:priority
		ADDED from examples\AndroidManifest.xml:118:28-51
action#cn.jpush.android.intent.NOTIFICATION_RECEIVED_PROXY
ADDED from examples\AndroidManifest.xml:119:17-94
	android:name
		ADDED from examples\AndroidManifest.xml:119:25-91
intent-filter#android.intent.action.USER_PRESENT+android.net.conn.CONNECTIVITY_CHANGE
ADDED from examples\AndroidManifest.xml:122:13-125:29
action#android.intent.action.USER_PRESENT
ADDED from examples\AndroidManifest.xml:123:17-77
	android:name
		ADDED from examples\AndroidManifest.xml:123:25-74
action#android.net.conn.CONNECTIVITY_CHANGE
ADDED from examples\AndroidManifest.xml:124:17-79
	android:name
		ADDED from examples\AndroidManifest.xml:124:25-76
intent-filter#android.intent.action.PACKAGE_ADDED+android.intent.action.PACKAGE_REMOVED
ADDED from examples\AndroidManifest.xml:127:13-132:29
action#android.intent.action.PACKAGE_ADDED
ADDED from examples\AndroidManifest.xml:128:17-78
	android:name
		ADDED from examples\AndroidManifest.xml:128:25-75
action#android.intent.action.PACKAGE_REMOVED
ADDED from examples\AndroidManifest.xml:129:17-80
	android:name
		ADDED from examples\AndroidManifest.xml:129:25-77
data
ADDED from examples\AndroidManifest.xml:131:17-50
	android:scheme
		ADDED from examples\AndroidManifest.xml:131:23-47
receiver#cn.jpush.android.service.AlarmReceiver
ADDED from examples\AndroidManifest.xml:136:9-99
	android:exported
		ADDED from examples\AndroidManifest.xml:136:73-97
	android:name
		ADDED from examples\AndroidManifest.xml:136:19-72
receiver#com.example.jpushdemo.MyReceiver
ADDED from examples\AndroidManifest.xml:139:9-151:20
	android:enabled
		ADDED from examples\AndroidManifest.xml:142:13-35
	android:exported
		ADDED from examples\AndroidManifest.xml:141:13-37
	android:name
		ADDED from examples\AndroidManifest.xml:140:13-60
intent-filter#cn.jpush.android.intent.CONNECTION+cn.jpush.android.intent.MESSAGE_RECEIVED+cn.jpush.android.intent.NOTIFICATION_OPENED+cn.jpush.android.intent.NOTIFICATION_RECEIVED+cn.jpush.android.intent.REGISTRATION+您应用的包名
ADDED from examples\AndroidManifest.xml:143:13-150:29
action#cn.jpush.android.intent.REGISTRATION
ADDED from examples\AndroidManifest.xml:144:17-79
	android:name
		ADDED from examples\AndroidManifest.xml:144:25-76
action#cn.jpush.android.intent.MESSAGE_RECEIVED
ADDED from examples\AndroidManifest.xml:145:17-83
	android:name
		ADDED from examples\AndroidManifest.xml:145:25-80
action#cn.jpush.android.intent.NOTIFICATION_RECEIVED
ADDED from examples\AndroidManifest.xml:146:17-88
	android:name
		ADDED from examples\AndroidManifest.xml:146:25-85
action#cn.jpush.android.intent.NOTIFICATION_OPENED
ADDED from examples\AndroidManifest.xml:147:17-86
	android:name
		ADDED from examples\AndroidManifest.xml:147:25-83
action#cn.jpush.android.intent.CONNECTION
ADDED from examples\AndroidManifest.xml:148:17-77
	android:name
		ADDED from examples\AndroidManifest.xml:148:25-74
meta-data#JPUSH_CHANNEL
ADDED from examples\AndroidManifest.xml:154:9-84
	android:value
		ADDED from examples\AndroidManifest.xml:154:49-82
	android:name
		ADDED from examples\AndroidManifest.xml:154:20-48
meta-data#JPUSH_APPKEY
ADDED from examples\AndroidManifest.xml:155:9-77
	android:value
		ADDED from examples\AndroidManifest.xml:155:48-74
	android:name
		ADDED from examples\AndroidManifest.xml:155:20-47